Using pre-set license
Built from '2020.2/release' branch; Version is '2020.2.1f1 (270dd8c3da1c) revision 2559448'; Using compiler version '192528614'; Build Type 'Release'
OS: 'Windows 10  (10.0.0) 64bit' Language: 'pl' Physical Memory: 16258 MB
BatchMode: 1, IsHumanControllingUs: 0, StartBugReporterOnCrash: 0, Is64bit: 1, IsPro: 0

 COMMAND LINE ARGUMENTS:
C:\Program Files\Unity\Hub\Editor\2020.2.1f1\Editor\Unity.exe
-adb2
-batchMode
-noUpm
-name
AssetImportWorker0
-projectPath
C:/Users/blond/Game2D_0
-logFile
Logs/AssetImportWorker0.log
-srvPort
56044
Successfully changed project path to: C:/Users/blond/Game2D_0
C:/Users/blond/Game2D_0
Using Asset Import Pipeline V2.
Refreshing native plugins compatible for Editor in 39.30 ms, found 1 plugins.
Preloading 0 native plugins for Editor in 0.00 ms.
Initialize engine version: 2020.2.1f1 (270dd8c3da1c)
[Subsystems] Discovering subsystems at path C:/Program Files/Unity/Hub/Editor/2020.2.1f1/Editor/Data/Resources/UnitySubsystems
[Subsystems] Discovering subsystems at path C:/Users/blond/Game2D_0/Assets
GfxDevice: creating device client; threaded=0
Direct3D:
    Version:  Direct3D 11.0 [level 11.1]
    Renderer: NVIDIA GeForce GTX 1050 Ti (ID=0x1c8c)
    Vendor:   
    VRAM:     4018 MB
    Driver:   27.21.14.6109
Initialize mono
Mono path[0] = 'C:/Program Files/Unity/Hub/Editor/2020.2.1f1/Editor/Data/Managed'
Mono path[1] = 'C:/Program Files/Unity/Hub/Editor/2020.2.1f1/Editor/Data/MonoBleedingEdge/lib/mono/unityjit'
Mono config path = 'C:/Program Files/Unity/Hub/Editor/2020.2.1f1/Editor/Data/MonoBleedingEdge/etc'
Using monoOptions --debugger-agent=transport=dt_socket,embedding=1,server=y,suspend=n,address=127.0.0.1:56212
Begin MonoManager ReloadAssembly
Registering precompiled unity dll's ...
Register platform support module: C:/Program Files/Unity/Hub/Editor/2020.2.1f1/Editor/Data/PlaybackEngines/WindowsStandaloneSupport/UnityEditor.WindowsStandalone.Extensions.dll
Registered in 0.001728 seconds.
Native extension for WindowsStandalone target not found
Refreshing native plugins compatible for Editor in 61.19 ms, found 1 plugins.
Preloading 0 native plugins for Editor in 0.00 ms.
Invoked RoslynAnalysisRunner static constructor.
RoslynAnalysisRunner will not be running.
RoslynAnalysisRunner has terminated.
Mono: successfully reloaded assembly
- Completed reload, in  1.212 seconds
Platform modules already initialized, skipping
Registering precompiled user dll's ...
Registered in 0.001396 seconds.
Begin MonoManager ReloadAssembly
Native extension for WindowsStandalone target not found
Refreshing native plugins compatible for Editor in 40.95 ms, found 1 plugins.
Preloading 0 native plugins for Editor in 0.00 ms.
Invoked RoslynAnalysisRunner static constructor.
RoslynAnalysisRunner will not be running.
RoslynAnalysisRunner has terminated.
Mono: successfully reloaded assembly
- Completed reload, in  1.025 seconds
Platform modules already initialized, skipping
========================================================================
Worker process is ready to serve import requests
Launched and connected shader compiler UnityShaderCompiler.exe after 0.03 seconds
Refreshing native plugins compatible for Editor in 0.49 ms, found 1 plugins.
Preloading 0 native plugins for Editor in 0.00 ms.
Unloading 2116 Unused Serialized files (Serialized files now loaded: 0)
System memory in use before: 97.0 MB.
System memory in use after: 97.0 MB.

Unloading 26 unused Assets to reduce memory usage. Loaded Objects now: 2560.
Total: 2.614600 ms (FindLiveObjects: 0.234000 ms CreateObjectMapping: 0.353000 ms MarkObjects: 1.923200 ms  DeleteObjects: 0.103300 ms)

========================================================================
Received Import Request.
  path: Assets/Pickups/RevivePickup.cs
  artifactKey: Guid(5b12f63af59be7d4e814eef2cec08140) Importer(815301076,1909f56bfc062723c751e8b465ee728b)
Start importing Assets/Pickups/RevivePickup.cs using Guid(5b12f63af59be7d4e814eef2cec08140) Importer(815301076,1909f56bfc062723c751e8b465ee728b)  -> (artifact id: 'e738a8c805495841bdad123daf7c7a6c') in 0.025080 seconds
  Import took 0.028223 seconds .

========================================================================
Received Prepare
Refreshing native plugins compatible for Editor in 1.62 ms, found 1 plugins.
Preloading 0 native plugins for Editor in 0.00 ms.
Unloading 10 Unused Serialized files (Serialized files now loaded: 0)
System memory in use before: 54.7 MB.
System memory in use after: 54.8 MB.

Unloading 10 unused Assets to reduce memory usage. Loaded Objects now: 2560.
Total: 2.546100 ms (FindLiveObjects: 0.225400 ms CreateObjectMapping: 0.121200 ms MarkObjects: 2.086700 ms  DeleteObjects: 0.111300 ms)

========================================================================
Received Import Request.
  Time since last request: 26.148796 seconds.
  path: Assets/Prefabs/PlayerRoot.prefab
  artifactKey: Guid(528019cd78006dc4cb1e8bba8a2d58c7) Importer(815301076,1909f56bfc062723c751e8b465ee728b)
Start importing Assets/Prefabs/PlayerRoot.prefab using Guid(528019cd78006dc4cb1e8bba8a2d58c7) Importer(815301076,1909f56bfc062723c751e8b465ee728b)  -> (artifact id: '6ff3b5d4f5b8f7c369b4ecb889e97c6c') in 0.092497 seconds
  Import took 0.096099 seconds .

========================================================================
Received Import Request.
  Time since last request: 0.000281 seconds.
  path: Assets/Prefabs/Solid.prefab
  artifactKey: Guid(189c2a802716c80428b313d10e042368) Importer(815301076,1909f56bfc062723c751e8b465ee728b)
Start importing Assets/Prefabs/Solid.prefab using Guid(189c2a802716c80428b313d10e042368) Importer(815301076,1909f56bfc062723c751e8b465ee728b)  -> (artifact id: '4fcc7e292141c4c49136e978e99c0d7e') in 0.018835 seconds
  Import took 0.022123 seconds .

========================================================================
Received Import Request.
  Time since last request: 0.000245 seconds.
  path: Assets/Prefabs/TestPlat.prefab
  artifactKey: Guid(079a7cf12b4d366419b4c84caf374c1a) Importer(815301076,1909f56bfc062723c751e8b465ee728b)
Start importing Assets/Prefabs/TestPlat.prefab using Guid(079a7cf12b4d366419b4c84caf374c1a) Importer(815301076,1909f56bfc062723c751e8b465ee728b)  -> (artifact id: 'eff3b22e5ce11347e1aa30a6f0dc4b95') in 0.015856 seconds
  Import took 0.019946 seconds .

========================================================================
Received Import Request.
  Time since last request: 0.000309 seconds.
  path: Assets/Prefabs/RevivePickupRoot.prefab
  artifactKey: Guid(4a51ec6cb32b7e34f83f7dc223529c91) Importer(815301076,1909f56bfc062723c751e8b465ee728b)
Start importing Assets/Prefabs/RevivePickupRoot.prefab using Guid(4a51ec6cb32b7e34f83f7dc223529c91) Importer(815301076,1909f56bfc062723c751e8b465ee728b)  -> (artifact id: '65c5c7823562ac445507c49efc295765') in 0.021418 seconds
  Import took 0.024739 seconds .

========================================================================
Received Import Request.
  Time since last request: 0.000250 seconds.
  path: Assets/Prefabs/GhostTimerPickupRoot.prefab
  artifactKey: Guid(cd63b40478366bb47824da2f17ae5974) Importer(815301076,1909f56bfc062723c751e8b465ee728b)
Start importing Assets/Prefabs/GhostTimerPickupRoot.prefab using Guid(cd63b40478366bb47824da2f17ae5974) Importer(815301076,1909f56bfc062723c751e8b465ee728b)  -> (artifact id: '3f105de3d8188a4f0aeb98c697a05a30') in 0.016927 seconds
  Import took 0.020465 seconds .

========================================================================
Received Import Request.
  Time since last request: 0.000310 seconds.
  path: Assets/Prefabs/Bullet.prefab
  artifactKey: Guid(4a53040e3cdf3764bb48a45d7b0864c2) Importer(815301076,1909f56bfc062723c751e8b465ee728b)
Start importing Assets/Prefabs/Bullet.prefab using Guid(4a53040e3cdf3764bb48a45d7b0864c2) Importer(815301076,1909f56bfc062723c751e8b465ee728b)  -> (artifact id: '220a6a00b28400daa2ca0bdb81812767') in 0.014439 seconds
  Import took 0.017815 seconds .

========================================================================
Received Import Request.
  Time since last request: 0.009281 seconds.
  path: Assets/Prefabs/GhostTimerPickupRoot.prefab
  artifactKey: Guid(cd63b40478366bb47824da2f17ae5974) Importer(815301076,1909f56bfc062723c751e8b465ee728b)
Start importing Assets/Prefabs/GhostTimerPickupRoot.prefab using Guid(cd63b40478366bb47824da2f17ae5974) Importer(815301076,1909f56bfc062723c751e8b465ee728b)  -> (artifact id: '3f105de3d8188a4f0aeb98c697a05a30') in 0.010127 seconds
  Import took 0.013879 seconds .

========================================================================
Received Prepare
Registering precompiled user dll's ...
Registered in 0.000994 seconds.
Begin MonoManager ReloadAssembly
Native extension for WindowsStandalone target not found
Refreshing native plugins compatible for Editor in 0.36 ms, found 1 plugins.
Preloading 0 native plugins for Editor in 0.00 ms.
Invoked RoslynAnalysisRunner static constructor.
RoslynAnalysisRunner will not be running.
RoslynAnalysisRunner has terminated.
Mono: successfully reloaded assembly
- Completed reload, in  0.936 seconds
Platform modules already initialized, skipping
Refreshing native plugins compatible for Editor in 0.35 ms, found 1 plugins.
Preloading 0 native plugins for Editor in 0.00 ms.
Unloading 2097 Unused Serialized files (Serialized files now loaded: 0)
System memory in use before: 99.5 MB.
System memory in use after: 99.5 MB.

Unloading 12 unused Assets to reduce memory usage. Loaded Objects now: 2570.
Total: 2.241000 ms (FindLiveObjects: 0.192000 ms CreateObjectMapping: 0.102800 ms MarkObjects: 1.857400 ms  DeleteObjects: 0.087800 ms)

========================================================================
Received Import Request.
  Time since last request: 20.652159 seconds.
  path: Assets/Prefabs/PlayerRoot.prefab
  artifactKey: Guid(528019cd78006dc4cb1e8bba8a2d58c7) Importer(815301076,1909f56bfc062723c751e8b465ee728b)
Start importing Assets/Prefabs/PlayerRoot.prefab using Guid(528019cd78006dc4cb1e8bba8a2d58c7) Importer(815301076,1909f56bfc062723c751e8b465ee728b)  -> (artifact id: 'f29e2f8b79a616cae16f54cad135dc67') in 0.061564 seconds
  Import took 0.068361 seconds .

========================================================================
Received Prepare
Registering precompiled user dll's ...
Registered in 0.001030 seconds.
Begin MonoManager ReloadAssembly
Native extension for WindowsStandalone target not found
Refreshing native plugins compatible for Editor in 0.64 ms, found 1 plugins.
Preloading 0 native plugins for Editor in 0.00 ms.
Invoked RoslynAnalysisRunner static constructor.
RoslynAnalysisRunner will not be running.
RoslynAnalysisRunner has terminated.
Mono: successfully reloaded assembly
- Completed reload, in  1.284 seconds
Platform modules already initialized, skipping
Refreshing native plugins compatible for Editor in 0.39 ms, found 1 plugins.
Preloading 0 native plugins for Editor in 0.00 ms.
Unloading 2097 Unused Serialized files (Serialized files now loaded: 0)
System memory in use before: 99.7 MB.
System memory in use after: 99.7 MB.

Unloading 12 unused Assets to reduce memory usage. Loaded Objects now: 2574.
Total: 2.280400 ms (FindLiveObjects: 0.239000 ms CreateObjectMapping: 0.077600 ms MarkObjects: 1.858100 ms  DeleteObjects: 0.104500 ms)

========================================================================
Received Import Request.
  Time since last request: 1431.688848 seconds.
  path: Assets/Pickups/RevivePickupRoot.prefab
  artifactKey: Guid(085c8a06b7c25a140ad3033503509970) Importer(815301076,1909f56bfc062723c751e8b465ee728b)
Start importing Assets/Pickups/RevivePickupRoot.prefab using Guid(085c8a06b7c25a140ad3033503509970) Importer(815301076,1909f56bfc062723c751e8b465ee728b)  -> (artifact id: '30b28176a78272e8aa425b69d5fa5501') in 0.082566 seconds
  Import took 0.087979 seconds .

========================================================================
Received Prepare
Registering precompiled user dll's ...
Registered in 0.001613 seconds.
Begin MonoManager ReloadAssembly
Native extension for WindowsStandalone target not found
Refreshing native plugins compatible for Editor in 0.39 ms, found 1 plugins.
Preloading 0 native plugins for Editor in 0.00 ms.
Invoked RoslynAnalysisRunner static constructor.
RoslynAnalysisRunner will not be running.
RoslynAnalysisRunner has terminated.
Mono: successfully reloaded assembly
- Completed reload, in  1.368 seconds
Platform modules already initialized, skipping
Refreshing native plugins compatible for Editor in 0.39 ms, found 1 plugins.
Preloading 0 native plugins for Editor in 0.00 ms.
Unloading 2097 Unused Serialized files (Serialized files now loaded: 0)
System memory in use before: 99.9 MB.
System memory in use after: 99.9 MB.

Unloading 12 unused Assets to reduce memory usage. Loaded Objects now: 2578.
Total: 2.668700 ms (FindLiveObjects: 0.311100 ms CreateObjectMapping: 0.120800 ms MarkObjects: 2.133400 ms  DeleteObjects: 0.101700 ms)

========================================================================
Received Prepare
Registering precompiled user dll's ...
Registered in 0.000950 seconds.
Begin MonoManager ReloadAssembly
Native extension for WindowsStandalone target not found
Refreshing native plugins compatible for Editor in 0.36 ms, found 1 plugins.
Preloading 0 native plugins for Editor in 0.00 ms.
Invoked RoslynAnalysisRunner static constructor.
RoslynAnalysisRunner will not be running.
RoslynAnalysisRunner has terminated.
Mono: successfully reloaded assembly
- Completed reload, in  0.952 seconds
Platform modules already initialized, skipping
Refreshing native plugins compatible for Editor in 0.36 ms, found 1 plugins.
Preloading 0 native plugins for Editor in 0.00 ms.
Unloading 2097 Unused Serialized files (Serialized files now loaded: 0)
System memory in use before: 100.0 MB.
System memory in use after: 100.0 MB.

Unloading 12 unused Assets to reduce memory usage. Loaded Objects now: 2581.
Total: 3.035500 ms (FindLiveObjects: 0.266900 ms CreateObjectMapping: 0.101700 ms MarkObjects: 2.568200 ms  DeleteObjects: 0.097300 ms)

